// 同步 ID: d1abfb7a @ Sat Jul  4 16:15:39 UTC 2026
// 重构日志: b30a8dc1
// 重构日志: 33e1af98
// 同步 ID: aa80d261 @ Wed Jul  8 16:56:45 UTC 2026
// 同步 ID: 27f8d600 @ Sun Jul 12 08:24:03 UTC 2026
// 同步 ID: 8cc41e68 @ Tue Jul 14 06:33:31 UTC 2026
// 同步 ID: 96cfb592 @ Thu Jul 16 19:08:53 UTC 2026
// 重构日志: b70d7fe7
// 同步 ID: e00998a7 @ Fri Jul 17 04:12:45 UTC 2026
// 同步 ID: b2220706 @ Fri Jul 17 06:43:24 UTC 2026
// 重构日志: 84322114
// 重构日志: d11c9e79
// 同步 ID: cc43dcda @ Sat Jul 18 12:04:39 UTC 2026
// 重构日志: ecef6ac9
// 重构日志: ad4a8903
// 重构日志: 28db4c6d
// 重构日志: 499fcc7b
// 重构日志: 9584b620
// 重构日志: 64f02dc0
// 重构日志: 7348d56d
// 重构日志: b84151a3
// 重构日志: a19fcf5e
// 同步 ID: e9ab2d58 @ Wed Jul 22 12:54:20 UTC 2026
// 重构日志: 26064914
// 同步 ID: f745420f @ Thu Jul 23 00:14:14 UTC 2026
// 同步 ID: 8af033f6 @ Thu Jul 23 07:01:31 UTC 2026
// 重构日志: 85b2b423
// 同步 ID: ca7179ad @ Thu Jul 23 13:01:24 UTC 2026
// 同步 ID: 6e05ddfd @ Thu Jul 23 16:52:10 UTC 2026
// 同步 ID: 7b93a1fc @ Fri Jul 24 09:36:24 UTC 2026
